<?xml version="1.0" encoding="UTF-8"?>
<testng-results skipped="0" failed="0" ignored="0" total="1" passed="1">
  <reporter-output>
  </reporter-output>
  <suite name="Default suite" duration-ms="2369" started-at="2022-06-11T16:44:45Z" finished-at="2022-06-11T16:44:48Z">
    <groups>
    </groups>
    <test name="Default test" duration-ms="2369" started-at="2022-06-11T16:44:45Z" finished-at="2022-06-11T16:44:48Z">
      <class name="Jan.Jira">
        <test-method status="PASS" signature="addCommnets()[pri:0, instance:Jan.Jira@5db250b4]" name="addCommnets" duration-ms="2350" started-at="2022-06-11T22:14:45Z" finished-at="2022-06-11T22:14:48Z">
          <reporter-output>
          </reporter-output>
        </test-method> <!-- addCommnets -->
      </class> <!-- Jan.Jira -->
    </test> <!-- Default test -->
  </suite> <!-- Default suite -->
</testng-results>
